<?xml version="1.0" encoding="utf-8"?><testsuites name="pytest tests"><testsuite name="pytest" errors="0" failures="3" skipped="0" tests="13" time="2.385" timestamp="2026-05-31T17:36:51.366668+00:00" hostname="agent-env-8d2b1cc6-db5c-45a7-8a11-4e3346e27066"><testcase classname="backend.tests.backend_test.TestAuth" name="test_login_admin" time="0.439" /><testcase classname="backend.tests.backend_test.TestAuth" name="test_login_invalid" time="0.128" /><testcase classname="backend.tests.backend_test.TestAuth" name="test_me_unauth" time="0.110" /><testcase classname="backend.tests.backend_test.TestAuth" name="test_register_new_user" time="0.328" /><testcase classname="backend.tests.backend_test.TestAuth" name="test_logout" time="0.474" /><testcase classname="backend.tests.backend_test.TestBracing" name="test_bracing_calculate" time="0.059"><failure message="assert 9 == 12">backend/tests/backend_test.py:83: in test_bracing_calculate
    assert data["brace_count"] == 12
E   assert 9 == 12</failure></testcase><testcase classname="backend.tests.backend_test.TestEstimator" name="test_estimator_calculate" time="0.047" /><testcase classname="backend.tests.backend_test.TestEquipment" name="test_list_equipment_seeded" time="0.048" /><testcase classname="backend.tests.backend_test.TestEquipment" name="test_equipment_crud" time="0.156" /><testcase classname="backend.tests.backend_test.TestRentalsFlow" name="test_full_rental_flow" time="0.157"><failure message="AssertionError: {&quot;detail&quot;:[{&quot;type&quot;:&quot;missing&quot;,&quot;loc&quot;:[&quot;body&quot;,&quot;items&quot;],&quot;msg&quot;:&quot;Field required&quot;,&quot;input&quot;:{&quot;customer_id&quot;:&quot;6a1c71b50d0bc72c66c6d2f9&quot;,&quot;equipment_id&quot;:&quot;6a1c3b5a6382cb6461105e9d&quot;,&quot;quantity&quot;:2,&quot;start_date&quot;:&quot;2026-01-01&quot;,&quot;due_date&quot;:&quot;2026-01-15&quot;,&quot;deposit&quot;:100,&quot;daily_rate&quot;:5.0,&quot;notes&quot;:&quot;TEST rental&quot;},&quot;url&quot;:&quot;https://errors.pydantic.dev/2.13/v/missing&quot;}]}&#10;assert 422 == 200&#10; +  where 422 = &lt;Response [422]&gt;.status_code">backend/tests/backend_test.py:171: in test_full_rental_flow
    assert r2.status_code == 200, r2.text
E   AssertionError: {"detail":[{"type":"missing","loc":["body","items"],"msg":"Field required","input":{"customer_id":"6a1c71b50d0bc72c66c6d2f9","equipment_id":"6a1c3b5a6382cb6461105e9d","quantity":2,"start_date":"2026-01-01","due_date":"2026-01-15","deposit":100,"daily_rate":5.0,"notes":"TEST rental"},"url":"https://errors.pydantic.dev/2.13/v/missing"}]}
E   assert 422 == 200
E    +  where 422 = &lt;Response [422]&gt;.status_code</failure></testcase><testcase classname="backend.tests.backend_test.TestRentalsFlow" name="test_rental_invalid_customer" time="0.098"><failure message="assert 422 == 404&#10; +  where 422 = &lt;Response [422]&gt;.status_code">backend/tests/backend_test.py:201: in test_rental_invalid_customer
    assert r.status_code == 404
E   assert 422 == 404
E    +  where 422 = &lt;Response [422]&gt;.status_code</failure></testcase><testcase classname="backend.tests.backend_test.TestMaintenance" name="test_create_and_list_maintenance" time="0.177" /><testcase classname="backend.tests.backend_test.TestDashboard" name="test_dashboard_stats" time="0.049" /></testsuite></testsuites>