<?xml version="1.0" encoding="utf-8"?><testsuites name="pytest tests"><testsuite name="pytest" errors="0" failures="0" skipped="0" tests="14" time="3.839" timestamp="2026-05-31T17:36:42.248015+00:00" hostname="agent-env-8d2b1cc6-db5c-45a7-8a11-4e3346e27066"><testcase classname="backend.tests.test_vendors_quotes_leads.TestVendors" name="test_list_vendors_seeded" time="0.409" /><testcase classname="backend.tests.test_vendors_quotes_leads.TestVendors" name="test_vendors_unauth" time="0.103" /><testcase classname="backend.tests.test_vendors_quotes_leads.TestVendors" name="test_vendor_crud" time="0.252" /><testcase classname="backend.tests.test_vendors_quotes_leads.TestQuotes" name="test_list_quotes" time="0.048" /><testcase classname="backend.tests.test_vendors_quotes_leads.TestQuotes" name="test_quotes_unauth" time="0.107" /><testcase classname="backend.tests.test_vendors_quotes_leads.TestQuotes" name="test_upload_quote_budget_exceeded_clean" time="1.783" /><testcase classname="backend.tests.test_vendors_quotes_leads.TestQuotes" name="test_upload_quote_too_short" time="0.379" /><testcase classname="backend.tests.test_vendors_quotes_leads.TestQuotes" name="test_compare_quotes_validation" time="0.051" /><testcase classname="backend.tests.test_vendors_quotes_leads.TestQuotes" name="test_compare_quotes_min_items_schema" time="0.047" /><testcase classname="backend.tests.test_vendors_quotes_leads.TestLeads" name="test_list_leads" time="0.052" /><testcase classname="backend.tests.test_vendors_quotes_leads.TestLeads" name="test_leads_unauth" time="0.115" /><testcase classname="backend.tests.test_vendors_quotes_leads.TestLeads" name="test_lost_reasons" time="0.048" /><testcase classname="backend.tests.test_vendors_quotes_leads.TestLeads" name="test_lead_crud_with_scope_and_lost" time="0.302" /><testcase classname="backend.tests.test_vendors_quotes_leads.TestLeads" name="test_lead_invalid_status" time="0.057" /></testsuite></testsuites>